<?xml version="1.0" encoding="UTF-8"?>
<testng-results ignored="0" total="2" passed="2" failed="0" skipped="0">
  <reporter-output>
  </reporter-output>
  <suite started-at="2024-12-13T17:18:18 IST" name="Surefire suite" finished-at="2024-12-13T17:18:18 IST" duration-ms="55">
    <groups>
    </groups>
    <test started-at="2024-12-13T17:18:18 IST" name="Surefire test" finished-at="2024-12-13T17:18:18 IST" duration-ms="55">
      <class name="multimodule_maven_project.TestModule3">
        <test-method signature="module3Test()[pri:0, instance:multimodule_maven_project.TestModule3@7d3a22a9]" started-at="2024-12-13T17:18:18 IST" name="module3Test" finished-at="2024-12-13T17:18:18 IST" duration-ms="1" status="PASS">
          <reporter-output>
          </reporter-output>
        </test-method> <!-- module3Test -->
      </class> <!-- multimodule_maven_project.TestModule3 -->
      <class name="multimodule_maven_project.TestModule1">
        <test-method signature="module1Test()[pri:0, instance:multimodule_maven_project.TestModule1@7fc2413d]" started-at="2024-12-13T17:18:18 IST" name="module1Test" finished-at="2024-12-13T17:18:18 IST" duration-ms="8" status="PASS">
          <reporter-output>
          </reporter-output>
        </test-method> <!-- module1Test -->
      </class> <!-- multimodule_maven_project.TestModule1 -->
    </test> <!-- Surefire test -->
  </suite> <!-- Surefire suite -->
</testng-results>
