<?xml version="1.0" encoding="UTF-8"?>
<testng-results ignored="0" total="1" passed="1" failed="0" skipped="0">
  <reporter-output>
  </reporter-output>
  <suite started-at="2024-12-13T17:18:20 IST" name="Surefire suite" finished-at="2024-12-13T17:18:20 IST" duration-ms="53">
    <groups>
    </groups>
    <test started-at="2024-12-13T17:18:20 IST" name="Surefire test" finished-at="2024-12-13T17:18:20 IST" duration-ms="53">
      <class name="multimodule_maven_project.TestModule2">
        <test-method signature="module2Test()[pri:0, instance:multimodule_maven_project.TestModule2@6293abcc]" started-at="2024-12-13T17:18:20 IST" name="module2Test" finished-at="2024-12-13T17:18:20 IST" duration-ms="8" status="PASS">
          <reporter-output>
          </reporter-output>
        </test-method> <!-- module2Test -->
      </class> <!-- multimodule_maven_project.TestModule2 -->
    </test> <!-- Surefire test -->
  </suite> <!-- Surefire suite -->
</testng-results>
